#! /c/Source/iverilog-install/bin/vvp
:ivl_version "12.0 (devel)" "(s20150603-1539-g2693dd32b)";
:ivl_delay_selection "TYPICAL";
:vpi_time_precision - 10;
:vpi_module "C:\iverilog\lib\ivl\system.vpi";
:vpi_module "C:\iverilog\lib\ivl\vhdl_sys.vpi";
:vpi_module "C:\iverilog\lib\ivl\vhdl_textio.vpi";
:vpi_module "C:\iverilog\lib\ivl\v2005_math.vpi";
:vpi_module "C:\iverilog\lib\ivl\va_math.vpi";
S_00000201f905bcf0 .scope module, "ID_EX_reg_tb" "ID_EX_reg_tb" 2 6;
 .timescale -9 -10;
v00000201f9180340_0 .var "ALU_OP", 4 0;
v00000201f917fda0_0 .var "BRANCH_JUMP", 1 0;
v00000201f91805c0_0 .var "CLK", 0 0;
v00000201f9180840_0 .var "DEST_REG", 4 0;
v00000201f917fee0_0 .var "IMMEDIATE", 31 0;
v00000201f917ff80_0 .var "MEM_READ", 1 0;
v00000201f91803e0_0 .var "MEM_WRITE", 1 0;
v00000201f91800c0_0 .var "OP_SEL", 0 0;
v00000201f9180480_0 .net "OUT_ALU_OP", 4 0, v00000201f9056bd0_0;  1 drivers
v00000201f9180660_0 .net "OUT_BRANCH_JUMP", 1 0, v00000201f9056c70_0;  1 drivers
v00000201f917f940_0 .net "OUT_DEST_REG", 4 0, v00000201f91147a0_0;  1 drivers
v00000201f9180700_0 .net "OUT_IMMEDIATE", 31 0, v00000201f9114840_0;  1 drivers
v00000201f917f9e0_0 .net "OUT_MEM_READ", 1 0, v00000201f91148e0_0;  1 drivers
v00000201f917fa80_0 .net "OUT_MEM_WRITE", 1 0, v00000201f9114980_0;  1 drivers
v00000201f9182110_0 .net "OUT_OP_SEL", 0 0, v00000201f9114a20_0;  1 drivers
v00000201f9180d10_0 .net "OUT_PC_PLUS_4", 31 0, v00000201f917fbc0_0;  1 drivers
v00000201f91827f0_0 .net "OUT_READ_DATA1", 31 0, v00000201f91802a0_0;  1 drivers
v00000201f91822f0_0 .net "OUT_READ_DATA2", 31 0, v00000201f917fe40_0;  1 drivers
v00000201f9180a90_0 .net "OUT_REG_WRITE_ENABLE", 0 0, v00000201f917fb20_0;  1 drivers
v00000201f9181fd0_0 .net "OUT_REG_WRITE_SEL", 1 0, v00000201f91807a0_0;  1 drivers
v00000201f9181d50_0 .var "PC_PLUS_4", 31 0;
v00000201f9180db0_0 .var "READ_DATA1", 31 0;
v00000201f9180e50_0 .var "READ_DATA2", 31 0;
v00000201f9182430_0 .var "REG_WRITE_ENABLE", 0 0;
v00000201f9180ef0_0 .var "REG_WRITE_SEL", 1 0;
v00000201f9182250_0 .var "RESET", 0 0;
S_00000201f91101c0 .scope module, "id_ex_reg_t" "ID_EX_reg" 2 38, 3 9 0, S_00000201f905bcf0;
 .timescale -9 -10;
    .port_info 0 /INPUT 5 "DEST_REG";
    .port_info 1 /INPUT 32 "PC_PLUS_4";
    .port_info 2 /INPUT 32 "READ_DATA1";
    .port_info 3 /INPUT 32 "READ_DATA2";
    .port_info 4 /INPUT 32 "IMMEDIATE";
    .port_info 5 /INPUT 5 "ALU_OP";
    .port_info 6 /INPUT 2 "BRANCH_JUMP";
    .port_info 7 /INPUT 1 "OP_SEL";
    .port_info 8 /INPUT 2 "MEM_WRITE";
    .port_info 9 /INPUT 2 "MEM_READ";
    .port_info 10 /INPUT 2 "REG_WRITE_SEL";
    .port_info 11 /INPUT 1 "REG_WRITE_ENABLE";
    .port_info 12 /INPUT 1 "CLK";
    .port_info 13 /INPUT 1 "RESET";
    .port_info 14 /OUTPUT 5 "OUT_DEST_REG";
    .port_info 15 /OUTPUT 32 "OUT_PC_PLUS_4";
    .port_info 16 /OUTPUT 32 "OUT_READ_DATA1";
    .port_info 17 /OUTPUT 32 "OUT_READ_DATA2";
    .port_info 18 /OUTPUT 32 "OUT_IMMEDIATE";
    .port_info 19 /OUTPUT 5 "OUT_ALU_OP";
    .port_info 20 /OUTPUT 2 "OUT_BRANCH_JUMP";
    .port_info 21 /OUTPUT 1 "OUT_OP_SEL";
    .port_info 22 /OUTPUT 2 "OUT_MEM_WRITE";
    .port_info 23 /OUTPUT 2 "OUT_MEM_READ";
    .port_info 24 /OUTPUT 2 "OUT_REG_WRITE_SEL";
    .port_info 25 /OUTPUT 1 "OUT_REG_WRITE_ENABLE";
v00000201f91165a0_0 .net "ALU_OP", 4 0, v00000201f9180340_0;  1 drivers
v00000201f905be80_0 .net "BRANCH_JUMP", 1 0, v00000201f917fda0_0;  1 drivers
v00000201f905bf20_0 .net "CLK", 0 0, v00000201f91805c0_0;  1 drivers
v00000201f90568b0_0 .net "DEST_REG", 4 0, v00000201f9180840_0;  1 drivers
v00000201f9056950_0 .net "IMMEDIATE", 31 0, v00000201f917fee0_0;  1 drivers
v00000201f90569f0_0 .net "MEM_READ", 1 0, v00000201f917ff80_0;  1 drivers
v00000201f9056a90_0 .net "MEM_WRITE", 1 0, v00000201f91803e0_0;  1 drivers
v00000201f9056b30_0 .net "OP_SEL", 0 0, v00000201f91800c0_0;  1 drivers
v00000201f9056bd0_0 .var "OUT_ALU_OP", 4 0;
v00000201f9056c70_0 .var "OUT_BRANCH_JUMP", 1 0;
v00000201f91147a0_0 .var "OUT_DEST_REG", 4 0;
v00000201f9114840_0 .var "OUT_IMMEDIATE", 31 0;
v00000201f91148e0_0 .var "OUT_MEM_READ", 1 0;
v00000201f9114980_0 .var "OUT_MEM_WRITE", 1 0;
v00000201f9114a20_0 .var "OUT_OP_SEL", 0 0;
v00000201f917fbc0_0 .var "OUT_PC_PLUS_4", 31 0;
v00000201f91802a0_0 .var "OUT_READ_DATA1", 31 0;
v00000201f917fe40_0 .var "OUT_READ_DATA2", 31 0;
v00000201f917fb20_0 .var "OUT_REG_WRITE_ENABLE", 0 0;
v00000201f91807a0_0 .var "OUT_REG_WRITE_SEL", 1 0;
v00000201f9180020_0 .net "PC_PLUS_4", 31 0, v00000201f9181d50_0;  1 drivers
v00000201f917fd00_0 .net "READ_DATA1", 31 0, v00000201f9180db0_0;  1 drivers
v00000201f9180160_0 .net "READ_DATA2", 31 0, v00000201f9180e50_0;  1 drivers
v00000201f9180200_0 .net "REG_WRITE_ENABLE", 0 0, v00000201f9182430_0;  1 drivers
v00000201f917fc60_0 .net "REG_WRITE_SEL", 1 0, v00000201f9180ef0_0;  1 drivers
v00000201f9180520_0 .net "RESET", 0 0, v00000201f9182250_0;  1 drivers
E_00000201f910edf0 .event posedge, v00000201f9180520_0, v00000201f905bf20_0;
    .scope S_00000201f91101c0;
T_0 ;
    %wait E_00000201f910edf0;
    %load/vec4 v00000201f9180520_0;
    %flag_set/vec4 8;
    %jmp/0xz  T_0.0, 8;
    %pushi/vec4 0, 0, 5;
    %assign/vec4 v00000201f91147a0_0, 0;
    %pushi/vec4 0, 0, 32;
    %assign/vec4 v00000201f917fbc0_0, 0;
    %pushi/vec4 0, 0, 32;
    %assign/vec4 v00000201f91802a0_0, 0;
    %pushi/vec4 0, 0, 32;
    %assign/vec4 v00000201f917fe40_0, 0;
    %pushi/vec4 0, 0, 32;
    %assign/vec4 v00000201f9114840_0, 0;
    %pushi/vec4 0, 0, 5;
    %assign/vec4 v00000201f9056bd0_0, 0;
    %pushi/vec4 0, 0, 2;
    %assign/vec4 v00000201f9056c70_0, 0;
    %pushi/vec4 0, 0, 1;
    %assign/vec4 v00000201f9114a20_0, 0;
    %pushi/vec4 0, 0, 2;
    %assign/vec4 v00000201f9114980_0, 0;
    %pushi/vec4 0, 0, 2;
    %assign/vec4 v00000201f91148e0_0, 0;
    %pushi/vec4 0, 0, 2;
    %assign/vec4 v00000201f91807a0_0, 0;
    %pushi/vec4 0, 0, 1;
    %assign/vec4 v00000201f917fb20_0, 0;
    %jmp T_0.1;
T_0.0 ;
    %load/vec4 v00000201f90568b0_0;
    %assign/vec4 v00000201f91147a0_0, 0;
    %load/vec4 v00000201f9180020_0;
    %assign/vec4 v00000201f917fbc0_0, 0;
    %load/vec4 v00000201f917fd00_0;
    %assign/vec4 v00000201f91802a0_0, 0;
    %load/vec4 v00000201f9180160_0;
    %assign/vec4 v00000201f917fe40_0, 0;
    %load/vec4 v00000201f9056950_0;
    %assign/vec4 v00000201f9114840_0, 0;
    %load/vec4 v00000201f91165a0_0;
    %assign/vec4 v00000201f9056bd0_0, 0;
    %load/vec4 v00000201f905be80_0;
    %assign/vec4 v00000201f9056c70_0, 0;
    %load/vec4 v00000201f9056b30_0;
    %assign/vec4 v00000201f9114a20_0, 0;
    %load/vec4 v00000201f9056a90_0;
    %assign/vec4 v00000201f9114980_0, 0;
    %load/vec4 v00000201f90569f0_0;
    %assign/vec4 v00000201f91148e0_0, 0;
    %load/vec4 v00000201f917fc60_0;
    %assign/vec4 v00000201f91807a0_0, 0;
    %load/vec4 v00000201f9180200_0;
    %assign/vec4 v00000201f917fb20_0, 0;
T_0.1 ;
    %jmp T_0;
    .thread T_0;
    .scope S_00000201f905bcf0;
T_1 ;
    %pushi/vec4 1, 0, 1;
    %store/vec4 v00000201f91805c0_0, 0, 1;
T_1.0 ;
    %delay 40, 0;
    %load/vec4 v00000201f91805c0_0;
    %inv;
    %store/vec4 v00000201f91805c0_0, 0, 1;
    %jmp T_1.0;
    %end;
    .thread T_1;
    .scope S_00000201f905bcf0;
T_2 ;
    %vpi_call 2 77 "$dumpfile", "ID_EX_reg_tb.vcd" {0 0 0};
    %vpi_call 2 78 "$dumpvars", 32'sb00000000000000000000000000000000, S_00000201f905bcf0 {0 0 0};
    %vpi_call 2 79 "$monitor", "Time: %0t | DEST_REG: %d | PC_PLUS_4: %d | READ_DATA1: %d | READ_DATA2: %d | IMMEDIATE: %d | ALU_OP: %d | BRANCH_JUMP: %b | OP_SEL: %b | MEM_WRITE: %b | MEM_READ: %b | REG_WRITE_SEL: %b | REG_WRITE_ENABLE: %b", $time, v00000201f9180840_0, v00000201f9181d50_0, v00000201f9180db0_0, v00000201f9180e50_0, v00000201f917fee0_0, v00000201f9180340_0, v00000201f917fda0_0, v00000201f91800c0_0, v00000201f91803e0_0, v00000201f917ff80_0, v00000201f9180ef0_0, v00000201f9182430_0 {0 0 0};
    %pushi/vec4 1, 0, 1;
    %store/vec4 v00000201f9182250_0, 0, 1;
    %pushi/vec4 0, 0, 5;
    %store/vec4 v00000201f9180840_0, 0, 5;
    %pushi/vec4 0, 0, 32;
    %store/vec4 v00000201f9181d50_0, 0, 32;
    %pushi/vec4 0, 0, 32;
    %store/vec4 v00000201f9180db0_0, 0, 32;
    %pushi/vec4 0, 0, 32;
    %store/vec4 v00000201f9180e50_0, 0, 32;
    %pushi/vec4 0, 0, 32;
    %store/vec4 v00000201f917fee0_0, 0, 32;
    %pushi/vec4 0, 0, 5;
    %store/vec4 v00000201f9180340_0, 0, 5;
    %pushi/vec4 0, 0, 2;
    %store/vec4 v00000201f917fda0_0, 0, 2;
    %pushi/vec4 0, 0, 1;
    %store/vec4 v00000201f91800c0_0, 0, 1;
    %pushi/vec4 0, 0, 2;
    %store/vec4 v00000201f91803e0_0, 0, 2;
    %pushi/vec4 0, 0, 2;
    %store/vec4 v00000201f917ff80_0, 0, 2;
    %pushi/vec4 0, 0, 2;
    %store/vec4 v00000201f9180ef0_0, 0, 2;
    %pushi/vec4 0, 0, 1;
    %store/vec4 v00000201f9182430_0, 0, 1;
    %delay 80, 0;
    %pushi/vec4 0, 0, 1;
    %store/vec4 v00000201f9182250_0, 0, 1;
    %delay 80, 0;
    %pushi/vec4 1, 0, 5;
    %store/vec4 v00000201f9180840_0, 0, 5;
    %pushi/vec4 104, 0, 32;
    %store/vec4 v00000201f9181d50_0, 0, 32;
    %pushi/vec4 42, 0, 32;
    %store/vec4 v00000201f9180db0_0, 0, 32;
    %pushi/vec4 84, 0, 32;
    %store/vec4 v00000201f9180e50_0, 0, 32;
    %pushi/vec4 100, 0, 32;
    %store/vec4 v00000201f917fee0_0, 0, 32;
    %pushi/vec4 2, 0, 5;
    %store/vec4 v00000201f9180340_0, 0, 5;
    %pushi/vec4 1, 0, 2;
    %store/vec4 v00000201f917fda0_0, 0, 2;
    %pushi/vec4 0, 0, 1;
    %store/vec4 v00000201f91800c0_0, 0, 1;
    %pushi/vec4 1, 0, 2;
    %store/vec4 v00000201f91803e0_0, 0, 2;
    %pushi/vec4 2, 0, 2;
    %store/vec4 v00000201f917ff80_0, 0, 2;
    %pushi/vec4 3, 0, 2;
    %store/vec4 v00000201f9180ef0_0, 0, 2;
    %pushi/vec4 1, 0, 1;
    %store/vec4 v00000201f9182430_0, 0, 1;
    %delay 80, 0;
    %pushi/vec4 2, 0, 5;
    %store/vec4 v00000201f9180840_0, 0, 5;
    %pushi/vec4 204, 0, 32;
    %store/vec4 v00000201f9181d50_0, 0, 32;
    %pushi/vec4 200, 0, 32;
    %store/vec4 v00000201f9180db0_0, 0, 32;
    %pushi/vec4 400, 0, 32;
    %store/vec4 v00000201f9180e50_0, 0, 32;
    %pushi/vec4 300, 0, 32;
    %store/vec4 v00000201f917fee0_0, 0, 32;
    %pushi/vec4 3, 0, 5;
    %store/vec4 v00000201f9180340_0, 0, 5;
    %pushi/vec4 0, 0, 2;
    %store/vec4 v00000201f917fda0_0, 0, 2;
    %pushi/vec4 1, 0, 1;
    %store/vec4 v00000201f91800c0_0, 0, 1;
    %pushi/vec4 2, 0, 2;
    %store/vec4 v00000201f91803e0_0, 0, 2;
    %pushi/vec4 1, 0, 2;
    %store/vec4 v00000201f917ff80_0, 0, 2;
    %pushi/vec4 0, 0, 2;
    %store/vec4 v00000201f9180ef0_0, 0, 2;
    %pushi/vec4 0, 0, 1;
    %store/vec4 v00000201f9182430_0, 0, 1;
    %delay 80, 0;
    %vpi_call 2 134 "$finish" {0 0 0};
    %end;
    .thread T_2;
# The file index is used to find the file name in the following table.
:file_names 4;
    "N/A";
    "<interactive>";
    "ID_EX_reg_tb.v";
    "./ID_EX_reg.v";
